This is pdfTeX, Version 3.141592653-2.6-1.40.26 (TeX Live 2024) (preloaded format=pdflatex 2024.12.3)  11 FEB 2025 09:18
entering extended mode
 restricted \write18 enabled.
 file:line:error style messages enabled.
 %&-line parsing enabled.
**"c:/Users/Luke Phillips/OneDrive/Documents/University/Notes/Linear Algebra I/Linear Algebra I Notes - Prereading.tex"
(c:/Users/Luke Phillips/OneDrive/Documents/University/Notes/Linear Algebra I/Linear Algebra I Notes - Prereading.tex
LaTeX2e <2024-11-01> patch level 1
L3 programming layer <2024-11-02>
(c:/texlive/2024/texmf-dist/tex/latex/base/article.cls
Document Class: article 2024/06/29 v1.4n Standard LaTeX document class
(c:/texlive/2024/texmf-dist/tex/latex/base/size10.clo
File: size10.clo 2024/06/29 v1.4n Standard LaTeX file (size option)
)
\c@part=\count196
\c@section=\count197
\c@subsection=\count198
\c@subsubsection=\count199
\c@paragraph=\count266
\c@subparagraph=\count267
\c@figure=\count268
\c@table=\count269
\abovecaptionskip=\skip49
\belowcaptionskip=\skip50
\bibindent=\dimen141
)

! LaTeX Error: File `preamble.sty' not found.

Type X to quit or <RETURN> to proceed,
or enter new name. (Default extension: sty)

Enter file name: 
c:/Users/Luke Phillips/OneDrive/Documents/University/Notes/Linear Algebra I/Linear Algebra I Notes - Prereading.tex:3: Emergency stop.
<read *> 
         
l.3 \usepackage
               {systeme}^^M
*** (cannot \read from terminal in nonstop modes)

 
Here is how much of TeX's memory you used:
 237 strings out of 473330
 3226 string characters out of 5723878
 390245 words of memory out of 5000000
 23460 multiletter control sequences out of 15000+600000
 558069 words of font info for 36 fonts, out of 8000000 for 9000
 1141 hyphenation exceptions out of 8191
 35i,0n,38p,253b,36s stack positions out of 10000i,1000n,20000p,200000b,200000s
c:/Users/Luke Phillips/OneDrive/Documents/University/Notes/Linear Algebra I/Linear Algebra I Notes - Prereading.tex:3:  ==> Fatal error occurred, no output PDF file produced!
